

Version:	3.9
CmdLine:	C:\Users\Админ\Documents\NetBeansProjects\15_GAME\15_GAME.exe --l4j-debug
WOW64:		no
Working dir:	C:\Users\Админ\Documents\NetBeansProjects\15_GAME\.
32-bit search:	SOFTWARE\JavaSoft\Java Runtime Environment...
Check:		SOFTWARE\JavaSoft\Java Runtime Environment\1.8
Check launcher:	C:\Program Files\Java\jre1.8.0_111\bin\javaw.exe (OK)
Match:		1.8
Check:		SOFTWARE\JavaSoft\Java Runtime Environment\1.8.0_111
Check launcher:	C:\Program Files\Java\jre1.8.0_111\bin\javaw.exe (OK)
Match:		1.8.0_111
Check:		SOFTWARE\JavaSoft\Java Runtime Environment\1.8.0_65
Ignore:		1.8.0_065
32-bit search:	SOFTWARE\JavaSoft\Java Development Kit...
Check:		SOFTWARE\JavaSoft\Java Development Kit\1.8
Ignore:		1.8
Check:		SOFTWARE\JavaSoft\Java Development Kit\1.8.0_65
Ignore:		1.8.0_065
Check:		SOFTWARE\JavaSoft\Java Development Kit\1.8.0_92
Ignore:		1.8.0_092
Runtime used:	1.8.0_111 (32-bit)
Launcher:	C:\Program Files\Java\jre1.8.0_111\bin\javaw.exe
Launcher args:	-jar "C:\Users\Админ\Documents\NetBeansProjects\15_GAME\15_GAME.exe"
Args length:	68/32768 chars
Exit code:	0


Version:	3.9
CmdLine:	C:\Users\Админ\Documents\NetBeansProjects\15_GAME\15_GAME.exe --l4j-debug
WOW64:		no
Working dir:	C:\Users\Админ\Documents\NetBeansProjects\15_GAME\.
32-bit search:	SOFTWARE\JavaSoft\Java Runtime Environment...
Check:		SOFTWARE\JavaSoft\Java Runtime Environment\1.8
Check launcher:	C:\Program Files\Java\jre1.8.0_111\bin\javaw.exe (OK)
Match:		1.8
Check:		SOFTWARE\JavaSoft\Java Runtime Environment\1.8.0_111
Check launcher:	C:\Program Files\Java\jre1.8.0_111\bin\javaw.exe (OK)
Match:		1.8.0_111
Check:		SOFTWARE\JavaSoft\Java Runtime Environment\1.8.0_65
Ignore:		1.8.0_065
32-bit search:	SOFTWARE\JavaSoft\Java Development Kit...
Check:		SOFTWARE\JavaSoft\Java Development Kit\1.8
Ignore:		1.8
Check:		SOFTWARE\JavaSoft\Java Development Kit\1.8.0_65
Ignore:		1.8.0_065
Check:		SOFTWARE\JavaSoft\Java Development Kit\1.8.0_92
Ignore:		1.8.0_092
Runtime used:	1.8.0_111 (32-bit)
Launcher:	C:\Program Files\Java\jre1.8.0_111\bin\javaw.exe
Launcher args:	-jar "C:\Users\Админ\Documents\NetBeansProjects\15_GAME\15_GAME.exe"
Args length:	68/32768 chars
Exit code:	0
